[INFO] online-judge-tools 11.5.1 (+ online-judge-api-client 10.10.1)
[INFO] load cookie from: /home/vscode/.local/share/online-judge-tools/cookie.jar
[NETWORK] GET: https://atcoder.jp/contests/abc356/tasks/abc356_a
[NETWORK] 200 OK
[INFO] save cookie to: /home/vscode/.local/share/online-judge-tools/cookie.jar
[INFO] clear the downloading history for this directory: /home/vscode/.cache/online-judge-tools/download-history.jsonl
[INFO] append the downloading history: /home/vscode/.cache/online-judge-tools/download-history.jsonl

[INFO] sample 0
[INFO] input: sample-1
5_2_3

[SUCCESS] saved to: test/sample-1.in
[INFO] output: sample-1
1_3_2_4_5

[SUCCESS] saved to: test/sample-1.out

[INFO] sample 1
[INFO] input: sample-2
7_1_1

[SUCCESS] saved to: test/sample-2.in
[INFO] output: sample-2
1_2_3_4_5_6_7

[SUCCESS] saved to: test/sample-2.out

[INFO] sample 2
[INFO] input: sample-3
10_1_10

[SUCCESS] saved to: test/sample-3.in
[INFO] output: sample-3
10_9_8_7_6_5_4_3_2_1

[SUCCESS] saved to: test/sample-3.out
[INFO] online-judge-tools 11.5.1 (+ online-judge-api-client 10.10.1)
[INFO] load cookie from: /home/vscode/.local/share/online-judge-tools/cookie.jar
[NETWORK] GET: https://atcoder.jp/contests/abc356/tasks/abc356_b
[NETWORK] 200 OK
[INFO] save cookie to: /home/vscode/.local/share/online-judge-tools/cookie.jar
[INFO] clear the downloading history for this directory: /home/vscode/.cache/online-judge-tools/download-history.jsonl
[INFO] append the downloading history: /home/vscode/.cache/online-judge-tools/download-history.jsonl

[INFO] sample 0
[INFO] input: sample-1
2_3
10_20_30
20_0_10
0_100_100

[SUCCESS] saved to: test/sample-1.in
[INFO] output: sample-1
Yes

[SUCCESS] saved to: test/sample-1.out

[INFO] sample 1
[INFO] input: sample-2
2_4
10_20_30_40
20_0_10_30
0_100_100_0

[SUCCESS] saved to: test/sample-2.in
[INFO] output: sample-2
No

[SUCCESS] saved to: test/sample-2.out
[INFO] online-judge-tools 11.5.1 (+ online-judge-api-client 10.10.1)
[INFO] load cookie from: /home/vscode/.local/share/online-judge-tools/cookie.jar
[NETWORK] GET: https://atcoder.jp/contests/abc356/tasks/abc356_c
[NETWORK] 200 OK
[INFO] save cookie to: /home/vscode/.local/share/online-judge-tools/cookie.jar
[INFO] clear the downloading history for this directory: /home/vscode/.cache/online-judge-tools/download-history.jsonl
[INFO] append the downloading history: /home/vscode/.cache/online-judge-tools/download-history.jsonl

[INFO] sample 0
[INFO] input: sample-1
3_2_2
3_1_2_3_o
2_2_3_x

[SUCCESS] saved to: test/sample-1.in
[INFO] output: sample-1
2

[SUCCESS] saved to: test/sample-1.out

[INFO] sample 1
[INFO] input: sample-2
4_5_3
3_1_2_3_o
3_2_3_4_o
3_3_4_1_o
3_4_1_2_o
4_1_2_3_4_x

[SUCCESS] saved to: test/sample-2.in
[INFO] output: sample-2
0

[SUCCESS] saved to: test/sample-2.out

[INFO] sample 2
[INFO] input: sample-3
11_4_9
10_1_2_3_4_5_6_7_8_9_10_o
11_1_2_3_4_5_6_7_8_9_10_11_o
10_11_10_9_8_7_6_5_4_3_2_x
10_11_9_1_4_3_7_5_6_2_10_x

[SUCCESS] saved to: test/sample-3.in
[INFO] output: sample-3
8

[SUCCESS] saved to: test/sample-3.out
[INFO] online-judge-tools 11.5.1 (+ online-judge-api-client 10.10.1)
[INFO] load cookie from: /home/vscode/.local/share/online-judge-tools/cookie.jar
[NETWORK] GET: https://atcoder.jp/contests/abc356/tasks/abc356_d
[NETWORK] 200 OK
[INFO] save cookie to: /home/vscode/.local/share/online-judge-tools/cookie.jar
[INFO] clear the downloading history for this directory: /home/vscode/.cache/online-judge-tools/download-history.jsonl
[INFO] append the downloading history: /home/vscode/.cache/online-judge-tools/download-history.jsonl

[INFO] sample 0
[INFO] input: sample-1
4_3

[SUCCESS] saved to: test/sample-1.in
[INFO] output: sample-1
4

[SUCCESS] saved to: test/sample-1.out

[INFO] sample 1
[INFO] input: sample-2
0_0

[SUCCESS] saved to: test/sample-2.in
[INFO] output: sample-2
0

[SUCCESS] saved to: test/sample-2.out

[INFO] sample 2
[INFO] input: sample-3
1152921504606846975_1152921504606846975

[SUCCESS] saved to: test/sample-3.in
[INFO] output: sample-3
499791890

[SUCCESS] saved to: test/sample-3.out
[INFO] online-judge-tools 11.5.1 (+ online-judge-api-client 10.10.1)
[INFO] load cookie from: /home/vscode/.local/share/online-judge-tools/cookie.jar
[NETWORK] GET: https://atcoder.jp/contests/abc356/tasks/abc356_e
[NETWORK] 200 OK
[INFO] save cookie to: /home/vscode/.local/share/online-judge-tools/cookie.jar
[INFO] clear the downloading history for this directory: /home/vscode/.cache/online-judge-tools/download-history.jsonl
[INFO] append the downloading history: /home/vscode/.cache/online-judge-tools/download-history.jsonl

[INFO] sample 0
[INFO] input: sample-1
3
3_1_4

[SUCCESS] saved to: test/sample-1.in
[INFO] output: sample-1
8

[SUCCESS] saved to: test/sample-1.out

[INFO] sample 1
[INFO] input: sample-2
6
2_7_1_8_2_8

[SUCCESS] saved to: test/sample-2.in
[INFO] output: sample-2
53

[SUCCESS] saved to: test/sample-2.out

[INFO] sample 2
[INFO] input: sample-3
12
3_31_314_3141_31415_314159_2_27_271_2718_27182_271828

[SUCCESS] saved to: test/sample-3.in
[INFO] output: sample-3
592622

[SUCCESS] saved to: test/sample-3.out
[INFO] online-judge-tools 11.5.1 (+ online-judge-api-client 10.10.1)
[INFO] load cookie from: /home/vscode/.local/share/online-judge-tools/cookie.jar
[NETWORK] GET: https://atcoder.jp/contests/abc356/tasks/abc356_f
[NETWORK] 200 OK
[INFO] save cookie to: /home/vscode/.local/share/online-judge-tools/cookie.jar
[INFO] clear the downloading history for this directory: /home/vscode/.cache/online-judge-tools/download-history.jsonl
[INFO] append the downloading history: /home/vscode/.cache/online-judge-tools/download-history.jsonl

[INFO] sample 0
[INFO] input: sample-1
7_5
1_3
1_10
2_3
1_7
2_3
1_10
2_3

[SUCCESS] saved to: test/sample-1.in
[INFO] output: sample-1
1
3
2

[SUCCESS] saved to: test/sample-1.out

[INFO] sample 1
[INFO] input: sample-2
11_1000000000000000000
1_1
1_100
1_10000
1_1000000
1_100000000
1_10000000000
1_1000000000000
1_100000000000000
1_10000000000000000
1_1000000000000000000
2_1

[SUCCESS] saved to: test/sample-2.in
[INFO] output: sample-2
10

[SUCCESS] saved to: test/sample-2.out

[INFO] sample 2
[INFO] input: sample-3
8_0
1_1
1_2
2_1
1_1
1_2
1_1
1_2
2_1

[SUCCESS] saved to: test/sample-3.in
[INFO] output: sample-3
1
1

[SUCCESS] saved to: test/sample-3.out
[INFO] online-judge-tools 11.5.1 (+ online-judge-api-client 10.10.1)
[INFO] load cookie from: /home/vscode/.local/share/online-judge-tools/cookie.jar
[NETWORK] GET: https://atcoder.jp/contests/abc356/tasks/abc356_g
[NETWORK] 200 OK
[INFO] save cookie to: /home/vscode/.local/share/online-judge-tools/cookie.jar
[INFO] clear the downloading history for this directory: /home/vscode/.cache/online-judge-tools/download-history.jsonl
[INFO] append the downloading history: /home/vscode/.cache/online-judge-tools/download-history.jsonl

[INFO] sample 0
[INFO] input: sample-1
4
1_2
2_3
3_3
4_4
5
4_7
7_7
49_100
1000_500
4_5

[SUCCESS] saved to: test/sample-1.in
[INFO] output: sample-1
3.000000000000000000
1.750000000000000000
-1
125.000000000000000000
1.500000000000000000

[SUCCESS] saved to: test/sample-1.out
