[INFO] online-judge-tools 11.5.1 (+ online-judge-api-client 10.10.1)
[INFO] load cookie from: /home/vscode/.local/share/online-judge-tools/cookie.jar
[NETWORK] GET: https://atcoder.jp/contests/abc343/tasks/abc343_a
[NETWORK] 200 OK
[INFO] save cookie to: /home/vscode/.local/share/online-judge-tools/cookie.jar
[INFO] clear the downloading history for this directory: /home/vscode/.cache/online-judge-tools/download-history.jsonl
[INFO] append the downloading history: /home/vscode/.cache/online-judge-tools/download-history.jsonl

[INFO] sample 0
[INFO] input: sample-1
2_5

[SUCCESS] saved to: test/sample-1.in
[INFO] output: sample-1
2

[SUCCESS] saved to: test/sample-1.out

[INFO] sample 1
[INFO] input: sample-2
0_0

[SUCCESS] saved to: test/sample-2.in
[INFO] output: sample-2
9

[SUCCESS] saved to: test/sample-2.out

[INFO] sample 2
[INFO] input: sample-3
7_1

[SUCCESS] saved to: test/sample-3.in
[INFO] output: sample-3
4

[SUCCESS] saved to: test/sample-3.out
[INFO] online-judge-tools 11.5.1 (+ online-judge-api-client 10.10.1)
[INFO] load cookie from: /home/vscode/.local/share/online-judge-tools/cookie.jar
[NETWORK] GET: https://atcoder.jp/contests/abc343/tasks/abc343_b
[NETWORK] 200 OK
[INFO] save cookie to: /home/vscode/.local/share/online-judge-tools/cookie.jar
[INFO] clear the downloading history for this directory: /home/vscode/.cache/online-judge-tools/download-history.jsonl
[INFO] append the downloading history: /home/vscode/.cache/online-judge-tools/download-history.jsonl

[INFO] sample 0
[INFO] input: sample-1
4
0_1_1_0
1_0_0_1
1_0_0_0
0_1_0_0

[SUCCESS] saved to: test/sample-1.in
[INFO] output: sample-1
2_3
1_4
1
2

[SUCCESS] saved to: test/sample-1.out

[INFO] sample 1
[INFO] input: sample-2
2
0_0
0_0

[SUCCESS] saved to: test/sample-2.in
[INFO] output: sample-2

(only newline)
[SUCCESS] saved to: test/sample-2.out

[INFO] sample 2
[INFO] input: sample-3
5
0_1_0_1_1
1_0_0_1_0
0_0_0_0_1
1_1_0_0_1
1_0_1_1_0

[SUCCESS] saved to: test/sample-3.in
[INFO] output: sample-3
2_4_5
1_4
5
1_2_5
1_3_4

[SUCCESS] saved to: test/sample-3.out
[INFO] online-judge-tools 11.5.1 (+ online-judge-api-client 10.10.1)
[INFO] load cookie from: /home/vscode/.local/share/online-judge-tools/cookie.jar
[NETWORK] GET: https://atcoder.jp/contests/abc343/tasks/abc343_c
[NETWORK] 200 OK
[INFO] save cookie to: /home/vscode/.local/share/online-judge-tools/cookie.jar
[INFO] clear the downloading history for this directory: /home/vscode/.cache/online-judge-tools/download-history.jsonl
[INFO] append the downloading history: /home/vscode/.cache/online-judge-tools/download-history.jsonl

[INFO] sample 0
[INFO] input: sample-1
345

[SUCCESS] saved to: test/sample-1.in
[INFO] output: sample-1
343

[SUCCESS] saved to: test/sample-1.out

[INFO] sample 1
[INFO] input: sample-2
6

[SUCCESS] saved to: test/sample-2.in
[INFO] output: sample-2
1

[SUCCESS] saved to: test/sample-2.out

[INFO] sample 2
[INFO] input: sample-3
123456789012345

[SUCCESS] saved to: test/sample-3.in
[INFO] output: sample-3
1334996994331

[SUCCESS] saved to: test/sample-3.out
[INFO] online-judge-tools 11.5.1 (+ online-judge-api-client 10.10.1)
[INFO] load cookie from: /home/vscode/.local/share/online-judge-tools/cookie.jar
[NETWORK] GET: https://atcoder.jp/contests/abc343/tasks/abc343_d
[NETWORK] 200 OK
[INFO] save cookie to: /home/vscode/.local/share/online-judge-tools/cookie.jar
[INFO] clear the downloading history for this directory: /home/vscode/.cache/online-judge-tools/download-history.jsonl
[INFO] append the downloading history: /home/vscode/.cache/online-judge-tools/download-history.jsonl

[INFO] sample 0
[INFO] input: sample-1
3_4
1_10
3_20
2_10
2_10

[SUCCESS] saved to: test/sample-1.in
[INFO] output: sample-1
2
3
2
2

[SUCCESS] saved to: test/sample-1.out

[INFO] sample 1
[INFO] input: sample-2
1_3
1_3
1_4
1_3

[SUCCESS] saved to: test/sample-2.in
[INFO] output: sample-2
1
1
1

[SUCCESS] saved to: test/sample-2.out

[INFO] sample 2
[INFO] input: sample-3
10_10
7_2620
9_2620
8_3375
1_3375
6_1395
5_1395
6_2923
10_3375
9_5929
5_1225

[SUCCESS] saved to: test/sample-3.in
[INFO] output: sample-3
2
2
3
3
4
4
5
5
6
5

[SUCCESS] saved to: test/sample-3.out
[INFO] online-judge-tools 11.5.1 (+ online-judge-api-client 10.10.1)
[INFO] load cookie from: /home/vscode/.local/share/online-judge-tools/cookie.jar
[NETWORK] GET: https://atcoder.jp/contests/abc343/tasks/abc343_e
[NETWORK] 200 OK
[INFO] save cookie to: /home/vscode/.local/share/online-judge-tools/cookie.jar
[INFO] clear the downloading history for this directory: /home/vscode/.cache/online-judge-tools/download-history.jsonl
[INFO] append the downloading history: /home/vscode/.cache/online-judge-tools/download-history.jsonl

[INFO] sample 0
[INFO] input: sample-1
840_84_7

[SUCCESS] saved to: test/sample-1.in
[INFO] output: sample-1
Yes
0_0_0_0_6_0_6_0_0

[SUCCESS] saved to: test/sample-1.out

[INFO] sample 1
[INFO] input: sample-2
343_34_3

[SUCCESS] saved to: test/sample-2.in
[INFO] output: sample-2
No

[SUCCESS] saved to: test/sample-2.out
[INFO] online-judge-tools 11.5.1 (+ online-judge-api-client 10.10.1)
[INFO] load cookie from: /home/vscode/.local/share/online-judge-tools/cookie.jar
[NETWORK] GET: https://atcoder.jp/contests/abc343/tasks/abc343_f
[NETWORK] 200 OK
[INFO] save cookie to: /home/vscode/.local/share/online-judge-tools/cookie.jar
[INFO] clear the downloading history for this directory: /home/vscode/.cache/online-judge-tools/download-history.jsonl
[INFO] append the downloading history: /home/vscode/.cache/online-judge-tools/download-history.jsonl

[INFO] sample 0
[INFO] input: sample-1
5_4
3_3_1_4_5
2_1_3
2_5_5
1_3_3
2_2_4

[SUCCESS] saved to: test/sample-1.in
[INFO] output: sample-1
1
0
2

[SUCCESS] saved to: test/sample-1.out

[INFO] sample 1
[INFO] input: sample-2
1_1
1000000000
2_1_1

[SUCCESS] saved to: test/sample-2.in
[INFO] output: sample-2
0

[SUCCESS] saved to: test/sample-2.out

[INFO] sample 2
[INFO] input: sample-3
8_9
2_4_4_3_9_1_1_2
1_5_4
2_7_7
2_2_6
1_4_4
2_2_5
2_2_7
1_1_1
1_8_1
2_1_8

[SUCCESS] saved to: test/sample-3.in
[INFO] output: sample-3
0
1
0
2
4

[SUCCESS] saved to: test/sample-3.out
[INFO] online-judge-tools 11.5.1 (+ online-judge-api-client 10.10.1)
[INFO] load cookie from: /home/vscode/.local/share/online-judge-tools/cookie.jar
[NETWORK] GET: https://atcoder.jp/contests/abc343/tasks/abc343_g
[NETWORK] 200 OK
[INFO] save cookie to: /home/vscode/.local/share/online-judge-tools/cookie.jar
[INFO] clear the downloading history for this directory: /home/vscode/.cache/online-judge-tools/download-history.jsonl
[INFO] append the downloading history: /home/vscode/.cache/online-judge-tools/download-history.jsonl

[INFO] sample 0
[INFO] input: sample-1
3
snuke
kensho
uk

[SUCCESS] saved to: test/sample-1.in
[INFO] output: sample-1
9

[SUCCESS] saved to: test/sample-1.out

[INFO] sample 1
[INFO] input: sample-2
3
abc
abc
arc

[SUCCESS] saved to: test/sample-2.in
[INFO] output: sample-2
6

[SUCCESS] saved to: test/sample-2.out

[INFO] sample 2
[INFO] input: sample-3
6
cmcmrcc
rmrrrmr
mrccm
mmcr
rmmrmrcc
ccmcrcmcm

[SUCCESS] saved to: test/sample-3.in
[INFO] output: sample-3
27

[SUCCESS] saved to: test/sample-3.out
