[INFO] online-judge-tools 11.5.1 (+ online-judge-api-client 10.10.1)
[INFO] load cookie from: /home/vscode/.local/share/online-judge-tools/cookie.jar
[NETWORK] GET: https://atcoder.jp/contests/abc349/tasks/abc349_a
[NETWORK] 200 OK
[INFO] save cookie to: /home/vscode/.local/share/online-judge-tools/cookie.jar
[INFO] clear the downloading history for this directory: /home/vscode/.cache/online-judge-tools/download-history.jsonl
[INFO] append the downloading history: /home/vscode/.cache/online-judge-tools/download-history.jsonl

[INFO] sample 0
[INFO] input: sample-1
4
1_-2_-1

[SUCCESS] saved to: test/sample-1.in
[INFO] output: sample-1
2

[SUCCESS] saved to: test/sample-1.out

[INFO] sample 1
[INFO] input: sample-2
3
0_0

[SUCCESS] saved to: test/sample-2.in
[INFO] output: sample-2
0

[SUCCESS] saved to: test/sample-2.out

[INFO] sample 2
[INFO] input: sample-3
6
10_20_30_40_50

[SUCCESS] saved to: test/sample-3.in
[INFO] output: sample-3
-150

[SUCCESS] saved to: test/sample-3.out
[INFO] online-judge-tools 11.5.1 (+ online-judge-api-client 10.10.1)
[INFO] load cookie from: /home/vscode/.local/share/online-judge-tools/cookie.jar
[NETWORK] GET: https://atcoder.jp/contests/abc349/tasks/abc349_b
[NETWORK] 200 OK
[INFO] save cookie to: /home/vscode/.local/share/online-judge-tools/cookie.jar
[INFO] clear the downloading history for this directory: /home/vscode/.cache/online-judge-tools/download-history.jsonl
[INFO] append the downloading history: /home/vscode/.cache/online-judge-tools/download-history.jsonl

[INFO] sample 0
[INFO] input: sample-1
commencement

[SUCCESS] saved to: test/sample-1.in
[INFO] output: sample-1
Yes

[SUCCESS] saved to: test/sample-1.out

[INFO] sample 1
[INFO] input: sample-2
banana

[SUCCESS] saved to: test/sample-2.in
[INFO] output: sample-2
No

[SUCCESS] saved to: test/sample-2.out

[INFO] sample 2
[INFO] input: sample-3
ab

[SUCCESS] saved to: test/sample-3.in
[INFO] output: sample-3
Yes

[SUCCESS] saved to: test/sample-3.out
[INFO] online-judge-tools 11.5.1 (+ online-judge-api-client 10.10.1)
[INFO] load cookie from: /home/vscode/.local/share/online-judge-tools/cookie.jar
[NETWORK] GET: https://atcoder.jp/contests/abc349/tasks/abc349_c
[NETWORK] 200 OK
[INFO] save cookie to: /home/vscode/.local/share/online-judge-tools/cookie.jar
[INFO] clear the downloading history for this directory: /home/vscode/.cache/online-judge-tools/download-history.jsonl
[INFO] append the downloading history: /home/vscode/.cache/online-judge-tools/download-history.jsonl

[INFO] sample 0
[INFO] input: sample-1
narita
NRT

[SUCCESS] saved to: test/sample-1.in
[INFO] output: sample-1
Yes

[SUCCESS] saved to: test/sample-1.out

[INFO] sample 1
[INFO] input: sample-2
losangeles
LAX

[SUCCESS] saved to: test/sample-2.in
[INFO] output: sample-2
Yes

[SUCCESS] saved to: test/sample-2.out

[INFO] sample 2
[INFO] input: sample-3
snuke
RNG

[SUCCESS] saved to: test/sample-3.in
[INFO] output: sample-3
No

[SUCCESS] saved to: test/sample-3.out
[INFO] online-judge-tools 11.5.1 (+ online-judge-api-client 10.10.1)
[INFO] load cookie from: /home/vscode/.local/share/online-judge-tools/cookie.jar
[NETWORK] GET: https://atcoder.jp/contests/abc349/tasks/abc349_d
[NETWORK] 200 OK
[INFO] save cookie to: /home/vscode/.local/share/online-judge-tools/cookie.jar
[INFO] clear the downloading history for this directory: /home/vscode/.cache/online-judge-tools/download-history.jsonl
[INFO] append the downloading history: /home/vscode/.cache/online-judge-tools/download-history.jsonl

[INFO] sample 0
[INFO] input: sample-1
3_19

[SUCCESS] saved to: test/sample-1.in
[INFO] output: sample-1
5
3_4
4_8
8_16
16_18
18_19

[SUCCESS] saved to: test/sample-1.out

[INFO] sample 1
[INFO] input: sample-2
0_1024

[SUCCESS] saved to: test/sample-2.in
[INFO] output: sample-2
1
0_1024

[SUCCESS] saved to: test/sample-2.out

[INFO] sample 2
[INFO] input: sample-3
3940649673945088_11549545024454656

[SUCCESS] saved to: test/sample-3.in
[INFO] output: sample-3
8
3940649673945088_3940649673949184
3940649673949184_4503599627370496
4503599627370496_9007199254740992
9007199254740992_11258999068426240
11258999068426240_11540474045136896
11540474045136896_11549270138159104
11549270138159104_11549545016066048
11549545016066048_11549545024454656

[SUCCESS] saved to: test/sample-3.out
[INFO] online-judge-tools 11.5.1 (+ online-judge-api-client 10.10.1)
[INFO] load cookie from: /home/vscode/.local/share/online-judge-tools/cookie.jar
[NETWORK] GET: https://atcoder.jp/contests/abc349/tasks/abc349_e
[NETWORK] 200 OK
[INFO] save cookie to: /home/vscode/.local/share/online-judge-tools/cookie.jar
[INFO] clear the downloading history for this directory: /home/vscode/.cache/online-judge-tools/download-history.jsonl
[INFO] append the downloading history: /home/vscode/.cache/online-judge-tools/download-history.jsonl

[INFO] sample 0
[INFO] input: sample-1
0_0_0
0_1_0
0_0_0

[SUCCESS] saved to: test/sample-1.in
[INFO] output: sample-1
Takahashi

[SUCCESS] saved to: test/sample-1.out

[INFO] sample 1
[INFO] input: sample-2
-1_1_0
-4_-2_-5
-4_-1_-5

[SUCCESS] saved to: test/sample-2.in
[INFO] output: sample-2
Aoki

[SUCCESS] saved to: test/sample-2.out
[INFO] online-judge-tools 11.5.1 (+ online-judge-api-client 10.10.1)
[INFO] load cookie from: /home/vscode/.local/share/online-judge-tools/cookie.jar
[NETWORK] GET: https://atcoder.jp/contests/abc349/tasks/abc349_f
[NETWORK] 200 OK
[INFO] save cookie to: /home/vscode/.local/share/online-judge-tools/cookie.jar
[INFO] clear the downloading history for this directory: /home/vscode/.cache/online-judge-tools/download-history.jsonl
[INFO] append the downloading history: /home/vscode/.cache/online-judge-tools/download-history.jsonl

[INFO] sample 0
[INFO] input: sample-1
4_6
2_3_4_6

[SUCCESS] saved to: test/sample-1.in
[INFO] output: sample-1
5

[SUCCESS] saved to: test/sample-1.out

[INFO] sample 1
[INFO] input: sample-2
5_349
1_1_1_1_349

[SUCCESS] saved to: test/sample-2.in
[INFO] output: sample-2
16

[SUCCESS] saved to: test/sample-2.out

[INFO] sample 2
[INFO] input: sample-3
16_720720
1_2_3_4_5_6_7_8_9_10_11_12_13_14_15_16

[SUCCESS] saved to: test/sample-3.in
[INFO] output: sample-3
2688

[SUCCESS] saved to: test/sample-3.out
[INFO] online-judge-tools 11.5.1 (+ online-judge-api-client 10.10.1)
[INFO] load cookie from: /home/vscode/.local/share/online-judge-tools/cookie.jar
[NETWORK] GET: https://atcoder.jp/contests/abc349/tasks/abc349_g
[NETWORK] 200 OK
[INFO] save cookie to: /home/vscode/.local/share/online-judge-tools/cookie.jar
[INFO] clear the downloading history for this directory: /home/vscode/.cache/online-judge-tools/download-history.jsonl
[INFO] append the downloading history: /home/vscode/.cache/online-judge-tools/download-history.jsonl

[INFO] sample 0
[INFO] input: sample-1
7
0_0_2_0_2_0_0

[SUCCESS] saved to: test/sample-1.in
[INFO] output: sample-1
Yes
1_1_2_1_1_1_2

[SUCCESS] saved to: test/sample-1.out

[INFO] sample 1
[INFO] input: sample-2
7
0_1_2_3_2_1_0

[SUCCESS] saved to: test/sample-2.in
[INFO] output: sample-2
Yes
1_1_1_1_1_1_1

[SUCCESS] saved to: test/sample-2.out

[INFO] sample 2
[INFO] input: sample-3
7
0_1_2_0_2_1_0

[SUCCESS] saved to: test/sample-3.in
[INFO] output: sample-3
No

[SUCCESS] saved to: test/sample-3.out
