[INFO] online-judge-tools 11.5.1 (+ online-judge-api-client 10.10.1)
[INFO] load cookie from: /home/vscode/.local/share/online-judge-tools/cookie.jar
[NETWORK] GET: https://atcoder.jp/contests/abc396/tasks/abc396_a
[NETWORK] 200 OK
[INFO] save cookie to: /home/vscode/.local/share/online-judge-tools/cookie.jar
[INFO] clear the downloading history for this directory: /home/vscode/.cache/online-judge-tools/download-history.jsonl
[INFO] append the downloading history: /home/vscode/.cache/online-judge-tools/download-history.jsonl

[INFO] sample 0
[INFO] input: sample-1
5
1_4_4_4_2

[SUCCESS] saved to: test/sample-1.in
[INFO] output: sample-1
Yes

[SUCCESS] saved to: test/sample-1.out

[INFO] sample 1
[INFO] input: sample-2
6
2_4_4_2_2_4

[SUCCESS] saved to: test/sample-2.in
[INFO] output: sample-2
No

[SUCCESS] saved to: test/sample-2.out

[INFO] sample 2
[INFO] input: sample-3
8
1_4_2_5_7_7_7_2

[SUCCESS] saved to: test/sample-3.in
[INFO] output: sample-3
Yes

[SUCCESS] saved to: test/sample-3.out

[INFO] sample 3
[INFO] input: sample-4
10
1_2_3_4_5_6_7_8_9_10

[SUCCESS] saved to: test/sample-4.in
[INFO] output: sample-4
No

[SUCCESS] saved to: test/sample-4.out

[INFO] sample 4
[INFO] input: sample-5
13
1_1_1_1_1_1_1_1_1_1_1_1_1

[SUCCESS] saved to: test/sample-5.in
[INFO] output: sample-5
Yes

[SUCCESS] saved to: test/sample-5.out
[INFO] online-judge-tools 11.5.1 (+ online-judge-api-client 10.10.1)
[INFO] load cookie from: /home/vscode/.local/share/online-judge-tools/cookie.jar
[NETWORK] GET: https://atcoder.jp/contests/abc396/tasks/abc396_b
[NETWORK] 200 OK
[INFO] save cookie to: /home/vscode/.local/share/online-judge-tools/cookie.jar
[INFO] clear the downloading history for this directory: /home/vscode/.cache/online-judge-tools/download-history.jsonl
[INFO] append the downloading history: /home/vscode/.cache/online-judge-tools/download-history.jsonl

[INFO] sample 0
[INFO] input: sample-1
6
2
1_4
1_3
2
2
2

[SUCCESS] saved to: test/sample-1.in
[INFO] output: sample-1
0
3
4
0

[SUCCESS] saved to: test/sample-1.out

[INFO] sample 1
[INFO] input: sample-2
5
2
2
2
2
2

[SUCCESS] saved to: test/sample-2.in
[INFO] output: sample-2
0
0
0
0
0

[SUCCESS] saved to: test/sample-2.out
[INFO] online-judge-tools 11.5.1 (+ online-judge-api-client 10.10.1)
[INFO] load cookie from: /home/vscode/.local/share/online-judge-tools/cookie.jar
[NETWORK] GET: https://atcoder.jp/contests/abc396/tasks/abc396_c
[NETWORK] 200 OK
[INFO] save cookie to: /home/vscode/.local/share/online-judge-tools/cookie.jar
[INFO] clear the downloading history for this directory: /home/vscode/.cache/online-judge-tools/download-history.jsonl
[INFO] append the downloading history: /home/vscode/.cache/online-judge-tools/download-history.jsonl

[INFO] sample 0
[INFO] input: sample-1
4_3
8_5_-1_3
3_-2_-4

[SUCCESS] saved to: test/sample-1.in
[INFO] output: sample-1
19

[SUCCESS] saved to: test/sample-1.out

[INFO] sample 1
[INFO] input: sample-2
4_3
5_-10_-2_-5
8_1_4

[SUCCESS] saved to: test/sample-2.in
[INFO] output: sample-2
15

[SUCCESS] saved to: test/sample-2.out

[INFO] sample 2
[INFO] input: sample-3
3_5
-36_-33_-31
12_12_28_24_27

[SUCCESS] saved to: test/sample-3.in
[INFO] output: sample-3
0

[SUCCESS] saved to: test/sample-3.out
[INFO] online-judge-tools 11.5.1 (+ online-judge-api-client 10.10.1)
[INFO] load cookie from: /home/vscode/.local/share/online-judge-tools/cookie.jar
[NETWORK] GET: https://atcoder.jp/contests/abc396/tasks/abc396_d
[NETWORK] 200 OK
[INFO] save cookie to: /home/vscode/.local/share/online-judge-tools/cookie.jar
[INFO] clear the downloading history for this directory: /home/vscode/.cache/online-judge-tools/download-history.jsonl
[INFO] append the downloading history: /home/vscode/.cache/online-judge-tools/download-history.jsonl

[INFO] sample 0
[INFO] input: sample-1
4_4
1_2_3
2_4_5
1_3_4
3_4_7

[SUCCESS] saved to: test/sample-1.in
[INFO] output: sample-1
3

[SUCCESS] saved to: test/sample-1.out

[INFO] sample 1
[INFO] input: sample-2
4_3
1_2_1
2_3_2
3_4_4

[SUCCESS] saved to: test/sample-2.in
[INFO] output: sample-2
7

[SUCCESS] saved to: test/sample-2.out

[INFO] sample 2
[INFO] input: sample-3
7_10
1_2_726259430069220777
1_4_988687862609183408
1_5_298079271598409137
1_6_920499328385871537
1_7_763940148194103497
2_4_382710956291350101
3_4_770341659133285654
3_5_422036395078103425
3_6_472678770470637382
5_7_938201660808593198

[SUCCESS] saved to: test/sample-3.in
[INFO] output: sample-3
186751192333709144

[SUCCESS] saved to: test/sample-3.out
[INFO] online-judge-tools 11.5.1 (+ online-judge-api-client 10.10.1)
[INFO] load cookie from: /home/vscode/.local/share/online-judge-tools/cookie.jar
[NETWORK] GET: https://atcoder.jp/contests/abc396/tasks/abc396_e
[NETWORK] 200 OK
[INFO] save cookie to: /home/vscode/.local/share/online-judge-tools/cookie.jar
[INFO] clear the downloading history for this directory: /home/vscode/.cache/online-judge-tools/download-history.jsonl
[INFO] append the downloading history: /home/vscode/.cache/online-judge-tools/download-history.jsonl

[INFO] sample 0
[INFO] input: sample-1
3_2
1_3_4
1_2_3

[SUCCESS] saved to: test/sample-1.in
[INFO] output: sample-1
0_3_4

[SUCCESS] saved to: test/sample-1.out

[INFO] sample 1
[INFO] input: sample-2
3_3
1_3_4
1_2_3
2_3_5

[SUCCESS] saved to: test/sample-2.in
[INFO] output: sample-2
-1

[SUCCESS] saved to: test/sample-2.out

[INFO] sample 2
[INFO] input: sample-3
5_8
4_2_4
2_3_11
3_4_15
4_5_6
3_2_11
3_3_0
3_1_9
3_4_15

[SUCCESS] saved to: test/sample-3.in
[INFO] output: sample-3
0_2_9_6_0

[SUCCESS] saved to: test/sample-3.out
[INFO] online-judge-tools 11.5.1 (+ online-judge-api-client 10.10.1)
[INFO] load cookie from: /home/vscode/.local/share/online-judge-tools/cookie.jar
[NETWORK] GET: https://atcoder.jp/contests/abc396/tasks/abc396_f
[NETWORK] 200 OK
[INFO] save cookie to: /home/vscode/.local/share/online-judge-tools/cookie.jar
[INFO] clear the downloading history for this directory: /home/vscode/.cache/online-judge-tools/download-history.jsonl
[INFO] append the downloading history: /home/vscode/.cache/online-judge-tools/download-history.jsonl

[INFO] sample 0
[INFO] input: sample-1
3_3
2_1_0

[SUCCESS] saved to: test/sample-1.in
[INFO] output: sample-1
3
1
1

[SUCCESS] saved to: test/sample-1.out

[INFO] sample 1
[INFO] input: sample-2
5_6
5_3_5_0_1

[SUCCESS] saved to: test/sample-2.in
[INFO] output: sample-2
7
3
3
1
1
5

[SUCCESS] saved to: test/sample-2.out

[INFO] sample 2
[INFO] input: sample-3
7_7
0_1_2_3_4_5_6

[SUCCESS] saved to: test/sample-3.in
[INFO] output: sample-3
0
6
10
12
12
10
6

[SUCCESS] saved to: test/sample-3.out
[INFO] online-judge-tools 11.5.1 (+ online-judge-api-client 10.10.1)
[INFO] load cookie from: /home/vscode/.local/share/online-judge-tools/cookie.jar
[NETWORK] GET: https://atcoder.jp/contests/abc396/tasks/abc396_g
[NETWORK] 200 OK
[INFO] save cookie to: /home/vscode/.local/share/online-judge-tools/cookie.jar
[INFO] clear the downloading history for this directory: /home/vscode/.cache/online-judge-tools/download-history.jsonl
[INFO] append the downloading history: /home/vscode/.cache/online-judge-tools/download-history.jsonl

[INFO] sample 0
[INFO] input: sample-1
3_3
100
010
110

[SUCCESS] saved to: test/sample-1.in
[INFO] output: sample-1
2

[SUCCESS] saved to: test/sample-1.out

[INFO] sample 1
[INFO] input: sample-2
3_4
1111
1111
1111

[SUCCESS] saved to: test/sample-2.in
[INFO] output: sample-2
0

[SUCCESS] saved to: test/sample-2.out

[INFO] sample 2
[INFO] input: sample-3
10_5
10000
00111
11000
01000
10110
01110
10101
00100
00100
10001

[SUCCESS] saved to: test/sample-3.in
[INFO] output: sample-3
13

[SUCCESS] saved to: test/sample-3.out
