[INFO] online-judge-tools 11.5.1 (+ online-judge-api-client 10.10.1)
[INFO] load cookie from: /home/vscode/.local/share/online-judge-tools/cookie.jar
[NETWORK] GET: https://atcoder.jp/contests/practice/tasks/practice_1
[NETWORK] 200 OK
[INFO] save cookie to: /home/vscode/.local/share/online-judge-tools/cookie.jar
[INFO] append the downloading history: /home/vscode/.cache/online-judge-tools/download-history.jsonl

[INFO] sample 0
[INFO] input: sample-1
1
2_3
test

[SUCCESS] saved to: test/sample-1.in
[INFO] output: sample-1
6_test

[SUCCESS] saved to: test/sample-1.out

[INFO] sample 1
[INFO] input: sample-2
72
128_256
myonmyon

[SUCCESS] saved to: test/sample-2.in
[INFO] output: sample-2
456_myonmyon

[SUCCESS] saved to: test/sample-2.out
[INFO] online-judge-tools 11.5.1 (+ online-judge-api-client 10.10.1)
[INFO] load cookie from: /home/vscode/.local/share/online-judge-tools/cookie.jar
[NETWORK] GET: https://atcoder.jp/contests/practice/tasks/practice_2
[NETWORK] 200 OK
[INFO] save cookie to: /home/vscode/.local/share/online-judge-tools/cookie.jar
[ERROR] Sample not found
