[INFO] GET: https://pypi.org/pypi/online-judge-tools/json
[INFO] 200 OK
[WARNING] failed to load the cache in update checking: 'online-judge-api-client'
[INFO] GET: https://pypi.org/pypi/online-judge-api-client/json
[INFO] 200 OK
[INFO] online-judge-tools 11.5.1 (+ online-judge-api-client 10.10.1)
[NETWORK] GET: https://atcoder.jp/contests/abc345/tasks/abc345_a
[NETWORK] 200 OK
[INFO] save cookie to: /home/vscode/.local/share/online-judge-tools/cookie.jar
[INFO] append the downloading history: /home/vscode/.cache/online-judge-tools/download-history.jsonl

[INFO] sample 0
[INFO] input: sample-1
<====>

[SUCCESS] saved to: test/sample-1.in
[INFO] output: sample-1
Yes

[SUCCESS] saved to: test/sample-1.out

[INFO] sample 1
[INFO] input: sample-2
==>

[SUCCESS] saved to: test/sample-2.in
[INFO] output: sample-2
No

[SUCCESS] saved to: test/sample-2.out

[INFO] sample 2
[INFO] input: sample-3
<>>

[SUCCESS] saved to: test/sample-3.in
[INFO] output: sample-3
No

[SUCCESS] saved to: test/sample-3.out
[INFO] online-judge-tools 11.5.1 (+ online-judge-api-client 10.10.1)
[INFO] load cookie from: /home/vscode/.local/share/online-judge-tools/cookie.jar
[NETWORK] GET: https://atcoder.jp/contests/abc345/tasks/abc345_b
[NETWORK] 200 OK
[INFO] save cookie to: /home/vscode/.local/share/online-judge-tools/cookie.jar
[INFO] clear the downloading history for this directory: /home/vscode/.cache/online-judge-tools/download-history.jsonl
[INFO] append the downloading history: /home/vscode/.cache/online-judge-tools/download-history.jsonl

[INFO] sample 0
[INFO] input: sample-1
27

[SUCCESS] saved to: test/sample-1.in
[INFO] output: sample-1
3

[SUCCESS] saved to: test/sample-1.out

[INFO] sample 1
[INFO] input: sample-2
-13

[SUCCESS] saved to: test/sample-2.in
[INFO] output: sample-2
-1

[SUCCESS] saved to: test/sample-2.out

[INFO] sample 2
[INFO] input: sample-3
40

[SUCCESS] saved to: test/sample-3.in
[INFO] output: sample-3
4

[SUCCESS] saved to: test/sample-3.out

[INFO] sample 3
[INFO] input: sample-4
-20

[SUCCESS] saved to: test/sample-4.in
[INFO] output: sample-4
-2

[SUCCESS] saved to: test/sample-4.out

[INFO] sample 4
[INFO] input: sample-5
123456789123456789

[SUCCESS] saved to: test/sample-5.in
[INFO] output: sample-5
12345678912345679

[SUCCESS] saved to: test/sample-5.out
[INFO] online-judge-tools 11.5.1 (+ online-judge-api-client 10.10.1)
[INFO] load cookie from: /home/vscode/.local/share/online-judge-tools/cookie.jar
[NETWORK] GET: https://atcoder.jp/contests/abc345/tasks/abc345_c
[NETWORK] 200 OK
[INFO] save cookie to: /home/vscode/.local/share/online-judge-tools/cookie.jar
[INFO] clear the downloading history for this directory: /home/vscode/.cache/online-judge-tools/download-history.jsonl
[INFO] append the downloading history: /home/vscode/.cache/online-judge-tools/download-history.jsonl

[INFO] sample 0
[INFO] input: sample-1
abc

[SUCCESS] saved to: test/sample-1.in
[INFO] output: sample-1
3

[SUCCESS] saved to: test/sample-1.out

[INFO] sample 1
[INFO] input: sample-2
aaaaa

[SUCCESS] saved to: test/sample-2.in
[INFO] output: sample-2
1

[SUCCESS] saved to: test/sample-2.out
[INFO] online-judge-tools 11.5.1 (+ online-judge-api-client 10.10.1)
[INFO] load cookie from: /home/vscode/.local/share/online-judge-tools/cookie.jar
[NETWORK] GET: https://atcoder.jp/contests/abc345/tasks/abc345_d
[NETWORK] 200 OK
[INFO] save cookie to: /home/vscode/.local/share/online-judge-tools/cookie.jar
[INFO] clear the downloading history for this directory: /home/vscode/.cache/online-judge-tools/download-history.jsonl
[INFO] append the downloading history: /home/vscode/.cache/online-judge-tools/download-history.jsonl

[INFO] sample 0
[INFO] input: sample-1
5_5_5
1_1
3_3
4_4
2_3
2_5

[SUCCESS] saved to: test/sample-1.in
[INFO] output: sample-1
Yes

[SUCCESS] saved to: test/sample-1.out

[INFO] sample 1
[INFO] input: sample-2
1_1_2
2_3

[SUCCESS] saved to: test/sample-2.in
[INFO] output: sample-2
No

[SUCCESS] saved to: test/sample-2.out

[INFO] sample 2
[INFO] input: sample-3
1_2_2
1_1

[SUCCESS] saved to: test/sample-3.in
[INFO] output: sample-3
No

[SUCCESS] saved to: test/sample-3.out

[INFO] sample 3
[INFO] input: sample-4
5_3_3
1_1
2_2
2_2
2_2
2_2

[SUCCESS] saved to: test/sample-4.in
[INFO] output: sample-4
No

[SUCCESS] saved to: test/sample-4.out
[INFO] online-judge-tools 11.5.1 (+ online-judge-api-client 10.10.1)
[INFO] load cookie from: /home/vscode/.local/share/online-judge-tools/cookie.jar
[NETWORK] GET: https://atcoder.jp/contests/abc345/tasks/abc345_e
[NETWORK] 200 OK
[INFO] save cookie to: /home/vscode/.local/share/online-judge-tools/cookie.jar
[INFO] clear the downloading history for this directory: /home/vscode/.cache/online-judge-tools/download-history.jsonl
[INFO] append the downloading history: /home/vscode/.cache/online-judge-tools/download-history.jsonl

[INFO] sample 0
[INFO] input: sample-1
5_2
1_1
3_5
3_3
1_4
1_2

[SUCCESS] saved to: test/sample-1.in
[INFO] output: sample-1
10

[SUCCESS] saved to: test/sample-1.out

[INFO] sample 1
[INFO] input: sample-2
3_1
1_10
1_10
1_10

[SUCCESS] saved to: test/sample-2.in
[INFO] output: sample-2
-1

[SUCCESS] saved to: test/sample-2.out

[INFO] sample 2
[INFO] input: sample-3
3_1
1_1
2_2
3_3

[SUCCESS] saved to: test/sample-3.in
[INFO] output: sample-3
5

[SUCCESS] saved to: test/sample-3.out
[INFO] online-judge-tools 11.5.1 (+ online-judge-api-client 10.10.1)
[INFO] load cookie from: /home/vscode/.local/share/online-judge-tools/cookie.jar
[NETWORK] GET: https://atcoder.jp/contests/abc345/tasks/abc345_f
[NETWORK] 200 OK
[INFO] save cookie to: /home/vscode/.local/share/online-judge-tools/cookie.jar
[INFO] clear the downloading history for this directory: /home/vscode/.cache/online-judge-tools/download-history.jsonl
[INFO] append the downloading history: /home/vscode/.cache/online-judge-tools/download-history.jsonl

[INFO] sample 0
[INFO] input: sample-1
5_5_4
1_2
1_3
2_4
3_5
1_5

[SUCCESS] saved to: test/sample-1.in
[INFO] output: sample-1
Yes
3
3_4_5

[SUCCESS] saved to: test/sample-1.out

[INFO] sample 1
[INFO] input: sample-2
5_5_5
1_2
1_3
2_4
3_5
1_5

[SUCCESS] saved to: test/sample-2.in
[INFO] output: sample-2
No

[SUCCESS] saved to: test/sample-2.out

[INFO] sample 2
[INFO] input: sample-3
10_10_6
2_5
2_6
3_5
3_8
4_6
4_8
5_9
6_7
6_10
7_9

[SUCCESS] saved to: test/sample-3.in
[INFO] output: sample-3
Yes
3
10_9_6

[SUCCESS] saved to: test/sample-3.out
[INFO] online-judge-tools 11.5.1 (+ online-judge-api-client 10.10.1)
[INFO] load cookie from: /home/vscode/.local/share/online-judge-tools/cookie.jar
[NETWORK] GET: https://atcoder.jp/contests/abc345/tasks/abc345_g
[NETWORK] 200 OK
[INFO] save cookie to: /home/vscode/.local/share/online-judge-tools/cookie.jar
[INFO] clear the downloading history for this directory: /home/vscode/.cache/online-judge-tools/download-history.jsonl
[INFO] append the downloading history: /home/vscode/.cache/online-judge-tools/download-history.jsonl

[INFO] sample 0
[INFO] input: sample-1
3_2

[SUCCESS] saved to: test/sample-1.in
[INFO] output: sample-1
0
249561089
748683265

[SUCCESS] saved to: test/sample-1.out

[INFO] sample 1
[INFO] input: sample-2
5_5

[SUCCESS] saved to: test/sample-2.in
[INFO] output: sample-2
598946612
479157290
463185380
682000542
771443236

[SUCCESS] saved to: test/sample-2.out

[INFO] sample 2
[INFO] input: sample-3
10_6

[SUCCESS] saved to: test/sample-3.in
[INFO] output: sample-3
0
166374059
207967574
610038216
177927813
630578223
902091444
412046453
481340945
404612686

[SUCCESS] saved to: test/sample-3.out
