[INFO] online-judge-tools 11.5.1 (+ online-judge-api-client 10.10.1)
[INFO] load cookie from: /home/vscode/.local/share/online-judge-tools/cookie.jar
[NETWORK] GET: https://atcoder.jp/contests/abc346/tasks/abc346_a
[NETWORK] 200 OK
[INFO] save cookie to: /home/vscode/.local/share/online-judge-tools/cookie.jar
[INFO] clear the downloading history for this directory: /home/vscode/.cache/online-judge-tools/download-history.jsonl
[INFO] append the downloading history: /home/vscode/.cache/online-judge-tools/download-history.jsonl

[INFO] sample 0
[INFO] input: sample-1
3
3_4_6

[SUCCESS] saved to: test/sample-1.in
[INFO] output: sample-1
12_24

[SUCCESS] saved to: test/sample-1.out

[INFO] sample 1
[INFO] input: sample-2
5
22_75_26_45_72

[SUCCESS] saved to: test/sample-2.in
[INFO] output: sample-2
1650_1950_1170_3240

[SUCCESS] saved to: test/sample-2.out
[INFO] online-judge-tools 11.5.1 (+ online-judge-api-client 10.10.1)
[INFO] load cookie from: /home/vscode/.local/share/online-judge-tools/cookie.jar
[NETWORK] GET: https://atcoder.jp/contests/abc346/tasks/abc346_b
[NETWORK] 200 OK
[INFO] save cookie to: /home/vscode/.local/share/online-judge-tools/cookie.jar
[INFO] clear the downloading history for this directory: /home/vscode/.cache/online-judge-tools/download-history.jsonl
[INFO] append the downloading history: /home/vscode/.cache/online-judge-tools/download-history.jsonl

[INFO] sample 0
[INFO] input: sample-1
3_2

[SUCCESS] saved to: test/sample-1.in
[INFO] output: sample-1
Yes

[SUCCESS] saved to: test/sample-1.out

[INFO] sample 1
[INFO] input: sample-2
3_0

[SUCCESS] saved to: test/sample-2.in
[INFO] output: sample-2
No

[SUCCESS] saved to: test/sample-2.out

[INFO] sample 2
[INFO] input: sample-3
92_66

[SUCCESS] saved to: test/sample-3.in
[INFO] output: sample-3
Yes

[SUCCESS] saved to: test/sample-3.out
[INFO] online-judge-tools 11.5.1 (+ online-judge-api-client 10.10.1)
[INFO] load cookie from: /home/vscode/.local/share/online-judge-tools/cookie.jar
[NETWORK] GET: https://atcoder.jp/contests/abc346/tasks/abc346_c
[NETWORK] 200 OK
[INFO] save cookie to: /home/vscode/.local/share/online-judge-tools/cookie.jar
[INFO] clear the downloading history for this directory: /home/vscode/.cache/online-judge-tools/download-history.jsonl
[INFO] append the downloading history: /home/vscode/.cache/online-judge-tools/download-history.jsonl

[INFO] sample 0
[INFO] input: sample-1
4_5
1_6_3_1

[SUCCESS] saved to: test/sample-1.in
[INFO] output: sample-1
11

[SUCCESS] saved to: test/sample-1.out

[INFO] sample 1
[INFO] input: sample-2
1_3
346

[SUCCESS] saved to: test/sample-2.in
[INFO] output: sample-2
6

[SUCCESS] saved to: test/sample-2.out

[INFO] sample 2
[INFO] input: sample-3
10_158260522
877914575_24979445_623690081_262703497_24979445_1822804784_1430302156_1161735902_923078537_1189330739

[SUCCESS] saved to: test/sample-3.in
[INFO] output: sample-3
12523196466007058

[SUCCESS] saved to: test/sample-3.out
[INFO] online-judge-tools 11.5.1 (+ online-judge-api-client 10.10.1)
[INFO] load cookie from: /home/vscode/.local/share/online-judge-tools/cookie.jar
[NETWORK] GET: https://atcoder.jp/contests/abc346/tasks/abc346_d
[NETWORK] 200 OK
[INFO] save cookie to: /home/vscode/.local/share/online-judge-tools/cookie.jar
[INFO] clear the downloading history for this directory: /home/vscode/.cache/online-judge-tools/download-history.jsonl
[INFO] append the downloading history: /home/vscode/.cache/online-judge-tools/download-history.jsonl

[INFO] sample 0
[INFO] input: sample-1
5
00011
3_9_2_6_4

[SUCCESS] saved to: test/sample-1.in
[INFO] output: sample-1
7

[SUCCESS] saved to: test/sample-1.out

[INFO] sample 1
[INFO] input: sample-2
4
1001
1_2_3_4

[SUCCESS] saved to: test/sample-2.in
[INFO] output: sample-2
0

[SUCCESS] saved to: test/sample-2.out

[INFO] sample 2
[INFO] input: sample-3
11
11111100111
512298012_821282085_543342199_868532399_690830957_973970164_928915367_954764623_923012648_540375785_925723427

[SUCCESS] saved to: test/sample-3.in
[INFO] output: sample-3
2286846953

[SUCCESS] saved to: test/sample-3.out
[INFO] online-judge-tools 11.5.1 (+ online-judge-api-client 10.10.1)
[INFO] load cookie from: /home/vscode/.local/share/online-judge-tools/cookie.jar
[NETWORK] GET: https://atcoder.jp/contests/abc346/tasks/abc346_e
[NETWORK] 200 OK
[INFO] save cookie to: /home/vscode/.local/share/online-judge-tools/cookie.jar
[INFO] clear the downloading history for this directory: /home/vscode/.cache/online-judge-tools/download-history.jsonl
[INFO] append the downloading history: /home/vscode/.cache/online-judge-tools/download-history.jsonl

[INFO] sample 0
[INFO] input: sample-1
3_4_4
1_2_5
2_4_0
1_3_3
1_3_2

[SUCCESS] saved to: test/sample-1.in
[INFO] output: sample-1
3
0_5
2_4
5_3

[SUCCESS] saved to: test/sample-1.out

[INFO] sample 1
[INFO] input: sample-2
1_1_5
1_1_1
1_1_10
2_1_100
1_1_1000
2_1_10000

[SUCCESS] saved to: test/sample-2.in
[INFO] output: sample-2
1
10000_1

[SUCCESS] saved to: test/sample-2.out

[INFO] sample 2
[INFO] input: sample-3
5_5_10
1_1_1
1_2_2
1_3_3
1_4_4
1_5_5
2_1_6
2_2_7
2_3_8
2_4_9
2_5_10

[SUCCESS] saved to: test/sample-3.in
[INFO] output: sample-3
5
6_5
7_5
8_5
9_5
10_5

[SUCCESS] saved to: test/sample-3.out
[INFO] online-judge-tools 11.5.1 (+ online-judge-api-client 10.10.1)
[INFO] load cookie from: /home/vscode/.local/share/online-judge-tools/cookie.jar
[NETWORK] GET: https://atcoder.jp/contests/abc346/tasks/abc346_f
[NETWORK] 200 OK
[INFO] save cookie to: /home/vscode/.local/share/online-judge-tools/cookie.jar
[INFO] clear the downloading history for this directory: /home/vscode/.cache/online-judge-tools/download-history.jsonl
[INFO] append the downloading history: /home/vscode/.cache/online-judge-tools/download-history.jsonl

[INFO] sample 0
[INFO] input: sample-1
3
abc
ab

[SUCCESS] saved to: test/sample-1.in
[INFO] output: sample-1
2

[SUCCESS] saved to: test/sample-1.out

[INFO] sample 1
[INFO] input: sample-2
3
abc
arc

[SUCCESS] saved to: test/sample-2.in
[INFO] output: sample-2
0

[SUCCESS] saved to: test/sample-2.out

[INFO] sample 2
[INFO] input: sample-3
1000000000000
kzazkakxkk
azakxk

[SUCCESS] saved to: test/sample-3.in
[INFO] output: sample-3
344827586207

[SUCCESS] saved to: test/sample-3.out
[INFO] online-judge-tools 11.5.1 (+ online-judge-api-client 10.10.1)
[INFO] load cookie from: /home/vscode/.local/share/online-judge-tools/cookie.jar
[NETWORK] GET: https://atcoder.jp/contests/abc346/tasks/abc346_g
[NETWORK] 200 OK
[INFO] save cookie to: /home/vscode/.local/share/online-judge-tools/cookie.jar
[INFO] clear the downloading history for this directory: /home/vscode/.cache/online-judge-tools/download-history.jsonl
[INFO] append the downloading history: /home/vscode/.cache/online-judge-tools/download-history.jsonl

[INFO] sample 0
[INFO] input: sample-1
5
2_2_1_2_1

[SUCCESS] saved to: test/sample-1.in
[INFO] output: sample-1
12

[SUCCESS] saved to: test/sample-1.out

[INFO] sample 1
[INFO] input: sample-2
4
4_4_4_4

[SUCCESS] saved to: test/sample-2.in
[INFO] output: sample-2
4

[SUCCESS] saved to: test/sample-2.out

[INFO] sample 2
[INFO] input: sample-3
10
1_2_1_4_3_3_3_2_2_4

[SUCCESS] saved to: test/sample-3.in
[INFO] output: sample-3
47

[SUCCESS] saved to: test/sample-3.out
