[INFO] online-judge-tools 11.5.1 (+ online-judge-api-client 10.10.1)
[INFO] load cookie from: /home/vscode/.local/share/online-judge-tools/cookie.jar
[NETWORK] GET: https://atcoder.jp/contests/abc354/tasks/abc354_a
[NETWORK] 200 OK
[INFO] save cookie to: /home/vscode/.local/share/online-judge-tools/cookie.jar
[INFO] clear the downloading history for this directory: /home/vscode/.cache/online-judge-tools/download-history.jsonl
[INFO] append the downloading history: /home/vscode/.cache/online-judge-tools/download-history.jsonl

[INFO] sample 0
[INFO] input: sample-1
54

[SUCCESS] saved to: test/sample-1.in
[INFO] output: sample-1
6

[SUCCESS] saved to: test/sample-1.out

[INFO] sample 1
[INFO] input: sample-2
7

[SUCCESS] saved to: test/sample-2.in
[INFO] output: sample-2
4

[SUCCESS] saved to: test/sample-2.out

[INFO] sample 2
[INFO] input: sample-3
262144

[SUCCESS] saved to: test/sample-3.in
[INFO] output: sample-3
19

[SUCCESS] saved to: test/sample-3.out
[INFO] online-judge-tools 11.5.1 (+ online-judge-api-client 10.10.1)
[INFO] load cookie from: /home/vscode/.local/share/online-judge-tools/cookie.jar
[NETWORK] GET: https://atcoder.jp/contests/abc354/tasks/abc354_b
[NETWORK] 200 OK
[INFO] save cookie to: /home/vscode/.local/share/online-judge-tools/cookie.jar
[INFO] clear the downloading history for this directory: /home/vscode/.cache/online-judge-tools/download-history.jsonl
[INFO] append the downloading history: /home/vscode/.cache/online-judge-tools/download-history.jsonl

[INFO] sample 0
[INFO] input: sample-1
3
takahashi_2
aoki_6
snuke_5

[SUCCESS] saved to: test/sample-1.in
[INFO] output: sample-1
snuke

[SUCCESS] saved to: test/sample-1.out

[INFO] sample 1
[INFO] input: sample-2
3
takahashi_2813
takahashixx_1086
takahashix_4229

[SUCCESS] saved to: test/sample-2.in
[INFO] output: sample-2
takahashix

[SUCCESS] saved to: test/sample-2.out
[INFO] online-judge-tools 11.5.1 (+ online-judge-api-client 10.10.1)
[INFO] load cookie from: /home/vscode/.local/share/online-judge-tools/cookie.jar
[NETWORK] GET: https://atcoder.jp/contests/abc354/tasks/abc354_c
[NETWORK] 200 OK
[INFO] save cookie to: /home/vscode/.local/share/online-judge-tools/cookie.jar
[INFO] clear the downloading history for this directory: /home/vscode/.cache/online-judge-tools/download-history.jsonl
[INFO] append the downloading history: /home/vscode/.cache/online-judge-tools/download-history.jsonl

[INFO] sample 0
[INFO] input: sample-1
3
2_4
1_1
3_2

[SUCCESS] saved to: test/sample-1.in
[INFO] output: sample-1
2
2_3

[SUCCESS] saved to: test/sample-1.out

[INFO] sample 1
[INFO] input: sample-2
5
1_1
10_2
100_3
1000_4
10000_5

[SUCCESS] saved to: test/sample-2.in
[INFO] output: sample-2
5
1_2_3_4_5

[SUCCESS] saved to: test/sample-2.out

[INFO] sample 2
[INFO] input: sample-3
6
32_101
65_78
2_29
46_55
103_130
52_40

[SUCCESS] saved to: test/sample-3.in
[INFO] output: sample-3
4
2_3_5_6

[SUCCESS] saved to: test/sample-3.out
[INFO] online-judge-tools 11.5.1 (+ online-judge-api-client 10.10.1)
[INFO] load cookie from: /home/vscode/.local/share/online-judge-tools/cookie.jar
[NETWORK] GET: https://atcoder.jp/contests/abc354/tasks/abc354_d
[NETWORK] 200 OK
[INFO] save cookie to: /home/vscode/.local/share/online-judge-tools/cookie.jar
[INFO] clear the downloading history for this directory: /home/vscode/.cache/online-judge-tools/download-history.jsonl
[INFO] append the downloading history: /home/vscode/.cache/online-judge-tools/download-history.jsonl

[INFO] sample 0
[INFO] input: sample-1
0_0_3_3

[SUCCESS] saved to: test/sample-1.in
[INFO] output: sample-1
10

[SUCCESS] saved to: test/sample-1.out

[INFO] sample 1
[INFO] input: sample-2
-1_-2_1_3

[SUCCESS] saved to: test/sample-2.in
[INFO] output: sample-2
11

[SUCCESS] saved to: test/sample-2.out

[INFO] sample 2
[INFO] input: sample-3
-1000000000_-1000000000_1000000000_1000000000

[SUCCESS] saved to: test/sample-3.in
[INFO] output: sample-3
4000000000000000000

[SUCCESS] saved to: test/sample-3.out
[INFO] online-judge-tools 11.5.1 (+ online-judge-api-client 10.10.1)
[INFO] load cookie from: /home/vscode/.local/share/online-judge-tools/cookie.jar
[NETWORK] GET: https://atcoder.jp/contests/abc354/tasks/abc354_e
[NETWORK] 200 OK
[INFO] save cookie to: /home/vscode/.local/share/online-judge-tools/cookie.jar
[INFO] clear the downloading history for this directory: /home/vscode/.cache/online-judge-tools/download-history.jsonl
[INFO] append the downloading history: /home/vscode/.cache/online-judge-tools/download-history.jsonl

[INFO] sample 0
[INFO] input: sample-1
5
1_9
2_5
4_9
1_4
2_5

[SUCCESS] saved to: test/sample-1.in
[INFO] output: sample-1
Aoki

[SUCCESS] saved to: test/sample-1.out

[INFO] sample 1
[INFO] input: sample-2
9
3_2
1_7
4_1
1_8
5_2
9_8
2_1
6_8
5_2

[SUCCESS] saved to: test/sample-2.in
[INFO] output: sample-2
Takahashi

[SUCCESS] saved to: test/sample-2.out
[INFO] online-judge-tools 11.5.1 (+ online-judge-api-client 10.10.1)
[INFO] load cookie from: /home/vscode/.local/share/online-judge-tools/cookie.jar
[NETWORK] GET: https://atcoder.jp/contests/abc354/tasks/abc354_f
[NETWORK] 200 OK
[INFO] save cookie to: /home/vscode/.local/share/online-judge-tools/cookie.jar
[INFO] clear the downloading history for this directory: /home/vscode/.cache/online-judge-tools/download-history.jsonl
[INFO] append the downloading history: /home/vscode/.cache/online-judge-tools/download-history.jsonl

[INFO] sample 0
[INFO] input: sample-1
1
5
2_1_4_5_3

[SUCCESS] saved to: test/sample-1.in
[INFO] output: sample-1
4
1_2_3_4

[SUCCESS] saved to: test/sample-1.out

[INFO] sample 1
[INFO] input: sample-2
2
6
2_5_3_4_3_4
5
10000_1000_100_1_10

[SUCCESS] saved to: test/sample-2.in
[INFO] output: sample-2
5
1_3_4_5_6
2
4_5

[SUCCESS] saved to: test/sample-2.out
[INFO] online-judge-tools 11.5.1 (+ online-judge-api-client 10.10.1)
[INFO] load cookie from: /home/vscode/.local/share/online-judge-tools/cookie.jar
[NETWORK] GET: https://atcoder.jp/contests/abc354/tasks/abc354_g
[NETWORK] 200 OK
[INFO] save cookie to: /home/vscode/.local/share/online-judge-tools/cookie.jar
[INFO] clear the downloading history for this directory: /home/vscode/.cache/online-judge-tools/download-history.jsonl
[INFO] append the downloading history: /home/vscode/.cache/online-judge-tools/download-history.jsonl

[INFO] sample 0
[INFO] input: sample-1
4
atcoder
at
coder
code
5_2_3_4

[SUCCESS] saved to: test/sample-1.in
[INFO] output: sample-1
6

[SUCCESS] saved to: test/sample-1.out

[INFO] sample 1
[INFO] input: sample-2
10
abcd
abc
ab
a
b
c
d
ab
bc
cd
100_10_50_30_60_90_80_70_40_20

[SUCCESS] saved to: test/sample-2.in
[INFO] output: sample-2
260

[SUCCESS] saved to: test/sample-2.out
